
Information: There are 5 potential problems in your design. Please run 'check_design' for more information. (LINT-99)



  Beginning Pass 1 Mapping
  ------------------------
  Processing 'SeqMult'
Information: The register 'Accumulator_reg[31]' is a constant and will be removed. (OPT-1206)

  Updating timing information
Information: Updating design information... (UID-85)

  Beginning Implementation Selection
  ----------------------------------
  Processing 'SeqMult_DW01_inc_0'
  Processing 'SeqMult_DW01_sub_0'
  Processing 'SeqMult_DW01_sub_1'
  Processing 'SeqMult_DW01_sub_2'
  Processing 'SeqMult_DW01_add_0'
  Processing 'SeqMult_DW02_mult_0'

  Beginning Mapping Optimizations  (Medium effort)
  -------------------------------
  Mapping Optimization (Phase 3)

   ELAPSED            WORST NEG TOTAL NEG  DESIGN                            
    TIME      AREA      SLACK     SLACK   RULE COST         ENDPOINT         
  --------- --------- --------- --------- --------- -------------------------
    0:00:07   27386.0      2.26     149.4       0.0                          
    0:00:07   27386.0      2.26     149.4       0.0                          
    0:00:07   27386.0      2.26     149.4       0.0                          
    0:00:07   27386.0      2.26     149.4       0.0                          
    0:00:07   27386.0      2.26     149.4       0.0                          
    0:00:07   27386.0      2.26     149.4       0.0                          
    0:00:07   23967.1      4.44     187.8       0.0                          
    0:00:07   23854.6      4.38     174.8       0.0                          
    0:00:07   23832.4      1.58      66.6       0.0                          
    0:00:08   23810.4      1.56      65.1       0.0                          
    0:00:08   23838.9      1.48      61.8       0.0                          
    0:00:08   23856.8      1.41      58.6       0.0                          
    0:00:08   23859.6      1.36      56.6       0.0                          
    0:00:08   23887.3      1.29      55.5       0.0                          
    0:00:08   23881.8      1.24      55.0       0.0                          
    0:00:08   23897.4      1.21      53.0       0.0                          
    0:00:08   23893.6      1.20      52.4       0.0                          
    0:00:08   23893.6      1.20      52.4       0.0                          
    0:00:08   23893.6      1.20      52.4       0.0                          
    0:00:08   23893.6      1.20      52.4       0.0                          
    0:00:08   23893.6      1.20      52.4       0.0                          
    0:00:08   23893.6      1.20      52.4       0.0                          
    0:00:08   23893.6      1.20      52.4       0.0                          
    0:00:08   23893.6      1.20      52.4       0.0                          



  Beginning Delay Optimization Phase
  ----------------------------------

   ELAPSED            WORST NEG TOTAL NEG  DESIGN                            
    TIME      AREA      SLACK     SLACK   RULE COST         ENDPOINT         
  --------- --------- --------- --------- --------- -------------------------
    0:00:08   23893.6      1.20      52.4       0.0                          
    0:00:08   23918.3      1.17      48.3       0.0 P_reg_reg[61]/D          
    0:00:08   23972.4      1.11      46.2       0.0 P_reg_reg[63]/D          
    0:00:08   24010.4      1.05      45.7       0.0 P_reg_reg[61]/D          
    0:00:08   24038.6      1.01      44.3       0.0 P_reg_reg[63]/D          
    0:00:08   24104.3      1.00      43.8       0.0 P_reg_reg[61]/D          
    0:00:08   24193.7      0.97      43.7       0.0 P_reg_reg[59]/D          
    0:00:08   24192.3      0.94      42.7       0.0 P_reg_reg[56]/D          
    0:00:09   24230.2      0.92      41.5       0.0 P_reg_reg[61]/D          
    0:00:09   24266.7      0.87      39.7       0.0 P_reg_reg[62]/D          
    0:00:09   24310.6      0.84      38.5       0.0 P_reg_reg[61]/D          
    0:00:09   24357.9      0.82      37.9       0.0 P_reg_reg[61]/D          
    0:00:09   24362.9      0.79      37.7       0.0 P_reg_reg[61]/D          
    0:00:09   24387.3      0.76      35.8       0.0 P_reg_reg[61]/D          
    0:00:09   24427.7      0.74      35.6       0.0 P_reg_reg[61]/D          
    0:00:09   24489.8      0.73      35.5       0.0 P_reg_reg[61]/D          
    0:00:09   24498.3      0.72      35.0       0.0 P_reg_reg[61]/D          
    0:00:09   24515.0      0.71      32.7       0.0 P_reg_reg[61]/D          
    0:00:09   24514.8      0.70      31.9       0.0 P_reg_reg[61]/D          
    0:00:09   24517.7      0.69      31.6       0.0 P_reg_reg[61]/D          
    0:00:09   24513.0      0.67      30.9       0.0 P_reg_reg[61]/D          
    0:00:09   24519.1      0.67      31.5       0.0 P_reg_reg[61]/D          
    0:00:09   24520.3      0.66      31.0       0.0 P_reg_reg[61]/D          
    0:00:09   24523.6      0.65      30.8       0.0 P_reg_reg[61]/D          
    0:00:09   24577.7      0.64      31.1       0.0 P_reg_reg[61]/D          
    0:00:10   24654.2      0.63      32.2       0.0 P_reg_reg[61]/D          
    0:00:10   24665.2      0.62      31.7       0.0 P_reg_reg[61]/D          
    0:00:10   24688.1      0.62      32.0       0.0 P_reg_reg[61]/D          
    0:00:10   24707.8      0.61      31.9       0.0 P_reg_reg[61]/D          
    0:00:10   24708.8      0.60      31.3       0.0 P_reg_reg[61]/D          
    0:00:10   24694.6      0.59      30.4       0.0 P_reg_reg[61]/D          
    0:00:10   24720.1      0.59      29.9       0.0 P_reg_reg[62]/D          
    0:00:10   24731.6      0.58      29.4       0.0 P_reg_reg[61]/D          
    0:00:10   24778.2      0.56      29.2       0.0 P_reg_reg[61]/D          
    0:00:10   24829.1      0.55      28.8       0.0 P_reg_reg[55]/D          
    0:00:10   24859.7      0.54      26.1       0.0 P_reg_reg[62]/D          
    0:00:10   24932.5      0.54      26.2       0.0 P_reg_reg[56]/D          
    0:00:10   24943.7      0.53      25.1       0.0 P_reg_reg[55]/D          
    0:00:10   24961.3      0.53      25.3       0.0 P_reg_reg[62]/D          
    0:00:10   24962.0      0.52      24.9       0.0 P_reg_reg[62]/D          
    0:00:10   24960.1      0.50      23.9       0.0 P_reg_reg[62]/D          
    0:00:10   24983.6      0.49      24.2       0.0 P_reg_reg[62]/D          
    0:00:10   24995.9      0.49      24.0       0.0 P_reg_reg[62]/D          
    0:00:11   25007.4      0.48      23.6       0.0 P_reg_reg[58]/D          
    0:00:11   25036.6      0.47      23.2       0.0 P_reg_reg[61]/D          
    0:00:11   25047.9      0.47      22.6       0.0 P_reg_reg[58]/D          
    0:00:11   25057.6      0.46      22.4       0.0 P_reg_reg[61]/D          
    0:00:11   25066.9      0.45      21.9       0.0 P_reg_reg[57]/D          
    0:00:11   25123.3      0.44      21.3       0.0 P_reg_reg[57]/D          
    0:00:11   25122.7      0.44      19.8       0.0 P_reg_reg[61]/D          
    0:00:11   25164.4      0.43      19.7       0.0 P_reg_reg[61]/D          
    0:00:11   25255.3      0.42      19.3       0.0 P_reg_reg[61]/D          
    0:00:11   25246.9      0.42      18.8       0.0 P_reg_reg[62]/D          
    0:00:11   25260.6      0.41      17.0       0.0 P_reg_reg[58]/D          
    0:00:11   25267.7      0.39      15.8       0.0 P_reg_reg[62]/D          
    0:00:11   25289.0      0.38      15.7       0.0 P_reg_reg[62]/D          
    0:00:11   25330.2      0.38      15.6       0.0 P_reg_reg[62]/D          
    0:00:11   25359.4      0.37      15.5       0.0 P_reg_reg[62]/D          
    0:00:11   25352.9      0.36      15.2       0.0 P_reg_reg[61]/D          
    0:00:11   25349.5      0.36      14.9       0.0 P_reg_reg[58]/D          
    0:00:12   25323.2      0.35      14.6       0.0 P_reg_reg[61]/D          
    0:00:12   25356.8      0.35      15.0       0.0 P_reg_reg[58]/D          
    0:00:12   25363.7      0.34      14.5       0.0 P_reg_reg[62]/D          
    0:00:12   25365.4      0.34      14.1       0.0 P_reg_reg[58]/D          
    0:00:12   25403.1      0.33      13.9       0.0 P_reg_reg[61]/D          
    0:00:12   25423.1      0.32      13.7       0.0 P_reg_reg[62]/D          
    0:00:12   25427.4      0.32      13.6       0.0 P_reg_reg[61]/D          
    0:00:12   25432.7      0.31      13.3       0.0 P_reg_reg[62]/D          
    0:00:12   25456.6      0.30      12.5       0.0 P_reg_reg[61]/D          
    0:00:12   25461.5      0.30      12.3       0.0 P_reg_reg[61]/D          
    0:00:12   25481.8      0.29      12.1       0.0 P_reg_reg[47]/D          
    0:00:12   25489.5      0.29      12.0       0.0 P_reg_reg[61]/D          
    0:00:12   25503.4      0.29      12.0       0.0 P_reg_reg[55]/D          
    0:00:12   25537.3      0.28      11.2       0.0 P_reg_reg[55]/D          
    0:00:12   25598.6      0.27      11.4       0.0 P_reg_reg[61]/D          
    0:00:12   25620.0      0.26      11.0       0.0 P_reg_reg[55]/D          
    0:00:12   25683.0      0.26      10.8       0.0 P_reg_reg[43]/D          
    0:00:12   25701.0      0.26      10.8       0.0 P_reg_reg[55]/D          
    0:00:12   25708.4      0.25      10.3       0.0 P_reg_reg[55]/D          
    0:00:12   25725.8      0.25      10.0       0.0 P_reg_reg[61]/D          
    0:00:12   25724.9      0.25      10.0       0.0 P_reg_reg[61]/D          
    0:00:12   25745.3      0.25       9.9       0.0 P_reg_reg[61]/D          
    0:00:13   25765.4      0.24       9.2       0.0 P_reg_reg[61]/D          
    0:00:13   25784.0      0.24       9.3       0.0 P_reg_reg[61]/D          
    0:00:13   25780.3      0.24       9.3       0.0 P_reg_reg[61]/D          
    0:00:13   25795.9      0.24       8.9       0.0 P_reg_reg[61]/D          
    0:00:13   25791.9      0.24       8.8       0.0 P_reg_reg[61]/D          
    0:00:13   25801.3      0.24       8.6       0.0 P_reg_reg[61]/D          
    0:00:13   25810.2      0.23       8.6       0.0 P_reg_reg[61]/D          
    0:00:13   25800.1      0.22       8.2       0.0 P_reg_reg[43]/D          
    0:00:13   25805.9      0.22       8.1       0.0 P_reg_reg[61]/D          
    0:00:13   25818.5      0.21       7.8       0.0 P_reg_reg[61]/D          
    0:00:13   25831.6      0.21       7.7       0.0 P_reg_reg[61]/D          
    0:00:13   25839.3      0.21       7.8       0.0 P_reg_reg[61]/D          
    0:00:13   25832.8      0.21       7.4       0.0 P_reg_reg[61]/D          
    0:00:13   25862.6      0.20       7.4       0.0 P_reg_reg[62]/D          
    0:00:13   25865.4      0.20       7.4       0.0 P_reg_reg[43]/D          
    0:00:13   25871.1      0.20       7.3       0.0 P_reg_reg[61]/D          
    0:00:14   25860.4      0.20       7.0       0.0 P_reg_reg[61]/D          
    0:00:14   25840.8      0.18       6.0       0.0 P_reg_reg[62]/D          
    0:00:14   25903.3      0.15       4.6       0.0 P_reg_reg[62]/D          
    0:00:14   25985.1      0.11       3.3       0.0 P_reg_reg[62]/D          
    0:00:15   26006.3      0.10       2.7       0.0 P_reg_reg[62]/D          
    0:00:15   26042.5      0.09       2.2       0.0 P_reg_reg[62]/D          
    0:00:15   26036.8      0.08       2.2       0.0                          
    0:00:15   26036.8      0.08       2.2       0.0                          
    0:00:15   26116.7      0.08       2.1       0.0                          
    0:00:15   26143.1      0.07       2.0       0.0                          
    0:00:15   26147.5      0.07       1.8       0.0                          
    0:00:15   26184.9      0.06       1.5       0.0                          
    0:00:15   26197.4      0.05       1.1       0.0                          
    0:00:15   26233.6      0.05       0.9       0.0                          
    0:00:15   26249.4      0.04       0.8       0.0                          
    0:00:15   26279.3      0.04       0.7       0.0                          
    0:00:15   26284.9      0.04       0.6       0.0                          
    0:00:15   26326.7      0.03       0.5       0.0                          
    0:00:16   26327.5      0.03       0.4       0.0                          
    0:00:16   26320.8      0.02       0.3       0.0                          
    0:00:16   26323.3      0.02       0.2       0.0                          
    0:00:16   26313.7      0.01       0.1       0.0                          
    0:00:16   26304.4      0.01       0.0       0.0                          
    0:00:16   26304.4      0.00       0.0       0.0                          
    0:00:16   26312.0      0.00       0.0       0.0                          
    0:00:16   26312.4      0.00       0.0       0.0                          


  Beginning Area-Recovery Phase  (cleanup)
  -----------------------------

   ELAPSED            WORST NEG TOTAL NEG  DESIGN                            
    TIME      AREA      SLACK     SLACK   RULE COST         ENDPOINT         
  --------- --------- --------- --------- --------- -------------------------
    0:00:16   26312.4      0.00       0.0       0.0                          
    0:00:16   26312.4      0.00       0.0       0.0                          
    0:00:16   26312.4      0.00       0.0       0.0                          
    0:00:16   24837.1      0.01       0.0       0.0                          
    0:00:16   24369.4      0.01       0.0       0.0                          
    0:00:16   24270.0      0.01       0.0       0.0                          
    0:00:16   24214.3      0.01       0.0       0.0                          
    0:00:16   24191.8      0.01       0.0       0.0                          
    0:00:16   24191.8      0.01       0.0       0.0                          
    0:00:16   24224.7      0.00       0.0       0.0                          
    0:00:16   24242.7      0.00       0.0       0.0                          
    0:00:16   24252.1      0.00       0.0       0.0                          
    0:00:16   24252.1      0.00       0.0       0.0                          
    0:00:16   24252.1      0.00       0.0       0.0                          
    0:00:16   23984.8      0.00       0.0       0.0                          
    0:00:16   23865.9      0.02       0.1       0.0                          
    0:00:16   23843.8      0.02       0.1       0.0                          
    0:00:16   23843.8      0.02       0.1       0.0                          
    0:00:16   23843.8      0.02       0.1       0.0                          
    0:00:16   23843.8      0.02       0.1       0.0                          
    0:00:16   23843.8      0.02       0.1       0.0                          
    0:00:16   23843.8      0.02       0.1       0.0                          
    0:00:16   23860.5      0.00       0.0       0.0                          
    0:00:16   23845.4      0.00       0.0       0.0                          
    0:00:16   23845.4      0.00       0.0       0.0                          
Loading db file '/home/ahesham/Desktop/SequentialM/ref/models/saed90nm_typ_ht.db'

  Optimization Complete
  ---------------------
1
