 
****************************************
Report : qor
Design : SeqMult
Version: G-2012.06-SP2
Date   : Sat Dec 24 21:11:58 2016
****************************************


  Timing Path Group 'clk'
  -----------------------------------
  Levels of Logic:               1.00
  Critical Path Length:          0.11
  Critical Path Slack:           1.86
  Critical Path Clk Period:     64.00
  Total Negative Slack:          0.00
  No. of Violating Paths:        0.00
  Worst Hold Violation:          0.00
  Total Hold Violation:          0.00
  No. of Hold Violations:        0.00
  -----------------------------------

  Timing Path Group 'internalClk'
  -----------------------------------
  Levels of Logic:              46.00
  Critical Path Length:          1.95
  Critical Path Slack:           0.01
  Critical Path Clk Period:      2.00
  Total Negative Slack:          0.00
  No. of Violating Paths:        0.00
  Worst Hold Violation:          0.00
  Total Hold Violation:          0.00
  No. of Hold Violations:        0.00
  -----------------------------------


  Cell Count
  -----------------------------------
  Hierarchical Cell Count:          6
  Hierarchical Port Count:        619
  Leaf Cell Count:               1721
  Buf/Inv Cell Count:             327
  CT Buf/Inv Cell Count:            0
  Combinational Cell Count:      1402
  Sequential Cell Count:          319
  Macro Count:                      0
  -----------------------------------


  Area
  -----------------------------------
  Combinational Area:     1548.119999
  Noncombinational Area:  1468.053958
  Buf/Inv Area:            194.446000
  Net Area:                  0.000000
  -----------------------------------
  Cell Area:              3016.173958
  Design Area:            3016.173958


  Design Rules
  -----------------------------------
  Total Number of Nets:          1945
  Nets With Violations:             0
  Max Trans Violations:             0
  Max Cap Violations:               0
  -----------------------------------


  Hostname: localhost.localdomain

  Compile CPU Statistics
  -----------------------------------------
  Resource Sharing:                    0.62
  Logic Optimization:                  4.00
  Mapping Optimization:                1.00
  -----------------------------------------
  Overall Compile Time:                6.35
  Overall Compile Wall Clock Time:     6.59

1
