
Information: There are 1 potential problems in your design. Please run 'check_design' for more information. (LINT-99)



  Beginning Pass 1 Mapping
  ------------------------
  Processing 'VerilogMultiplier'

  Updating timing information
Information: Updating design information... (UID-85)

  Beginning Implementation Selection
  ----------------------------------
  Processing 'VerilogMultiplier_DW02_mult_0'
  Processing 'VerilogMultiplier_DW01_add_0'

  Beginning Mapping Optimizations  (Medium effort)
  -------------------------------

   ELAPSED            WORST NEG TOTAL NEG  DESIGN                            
    TIME      AREA      SLACK     SLACK   RULE COST         ENDPOINT         
  --------- --------- --------- --------- --------- -------------------------
    0:00:02    6303.9      0.00       0.0       0.0                          
    0:00:02    6303.9      0.00       0.0       0.0                          
    0:00:02    6303.9      0.00       0.0       0.0                          
    0:00:02    6303.9      0.00       0.0       0.0                          
    0:00:02    6303.9      0.00       0.0       0.0                          
    0:00:02    6303.9      0.00       0.0       0.0                          
    0:00:02    6049.4      0.00       0.0       0.0                          
    0:00:02    6049.4      0.00       0.0       0.0                          
    0:00:02    6049.4      0.00       0.0       0.0                          
    0:00:02    6049.4      0.00       0.0       0.0                          
    0:00:02    6049.4      0.00       0.0       0.0                          
    0:00:02    6049.4      0.00       0.0       0.0                          
    0:00:02    6049.4      0.00       0.0       0.0                          
    0:00:02    6049.4      0.00       0.0       0.0                          
    0:00:02    6049.4      0.00       0.0       0.0                          



  Beginning Delay Optimization Phase
  ----------------------------------

   ELAPSED            WORST NEG TOTAL NEG  DESIGN                            
    TIME      AREA      SLACK     SLACK   RULE COST         ENDPOINT         
  --------- --------- --------- --------- --------- -------------------------
    0:00:02    6049.4      0.00       0.0       0.0                          
    0:00:02    6049.4      0.00       0.0       0.0                          
    0:00:02    6049.4      0.00       0.0       0.0                          


  Beginning Area-Recovery Phase  (cleanup)
  -----------------------------

   ELAPSED            WORST NEG TOTAL NEG  DESIGN                            
    TIME      AREA      SLACK     SLACK   RULE COST         ENDPOINT         
  --------- --------- --------- --------- --------- -------------------------
    0:00:02    6049.4      0.00       0.0       0.0                          
    0:00:02    6049.4      0.00       0.0       0.0                          
    0:00:02    6049.4      0.00       0.0       0.0                          
    0:00:03    6033.1      0.00       0.0       0.0                          
    0:00:03    6025.2      0.00       0.0       0.0                          
    0:00:03    6025.2      0.00       0.0       0.0                          
    0:00:03    6025.2      0.00       0.0       0.0                          
    0:00:03    6025.2      0.00       0.0       0.0                          
    0:00:03    6025.2      0.00       0.0       0.0                          
    0:00:03    6025.2      0.00       0.0       0.0                          
    0:00:03    6025.2      0.00       0.0       0.0                          
    0:00:03    6025.2      0.00       0.0       0.0                          
    0:00:03    6025.2      0.00       0.0       0.0                          
    0:00:03    6025.2      0.00       0.0       0.0                          
    0:00:03    6025.2      0.00       0.0       0.0                          
    0:00:03    6025.2      0.00       0.0       0.0                          
    0:00:03    6025.2      0.00       0.0       0.0                          
Loading db file '/home/standard_cell_libraries/NangateOpenCellLibrary_PDKv1_3_v2010_12/lib/Front_End/Liberty/NLDM/NangateOpenCellLibrary_ss0p95vn40c.db'

  Optimization Complete
  ---------------------
1
