 
****************************************
Report : cell
Design : VerilogMultiplier
Version: G-2012.06-SP2
Date   : Sat Dec 24 21:28:11 2016
****************************************

Attributes:
   BO - reference allows boundary optimization
    b - black box (unknown)
    h - hierarchical
    n - noncombinational
    r - removable
    u - contains unmapped logic

Cell                      Reference       Library             Area  Attributes
--------------------------------------------------------------------------------
A_reg_reg[0]              DFFR_X1         NangateOpenCellLibrary_ss0p95vn40c
                                                          5.320000  n
A_reg_reg[1]              DFFR_X1         NangateOpenCellLibrary_ss0p95vn40c
                                                          5.320000  n
A_reg_reg[2]              DFFR_X1         NangateOpenCellLibrary_ss0p95vn40c
                                                          5.320000  n
A_reg_reg[3]              DFFR_X1         NangateOpenCellLibrary_ss0p95vn40c
                                                          5.320000  n
A_reg_reg[4]              DFFR_X1         NangateOpenCellLibrary_ss0p95vn40c
                                                          5.320000  n
A_reg_reg[5]              DFFR_X1         NangateOpenCellLibrary_ss0p95vn40c
                                                          5.320000  n
A_reg_reg[6]              DFFR_X1         NangateOpenCellLibrary_ss0p95vn40c
                                                          5.320000  n
A_reg_reg[7]              DFFR_X1         NangateOpenCellLibrary_ss0p95vn40c
                                                          5.320000  n
A_reg_reg[8]              DFFR_X1         NangateOpenCellLibrary_ss0p95vn40c
                                                          5.320000  n
A_reg_reg[9]              DFFR_X1         NangateOpenCellLibrary_ss0p95vn40c
                                                          5.320000  n
A_reg_reg[10]             DFFR_X1         NangateOpenCellLibrary_ss0p95vn40c
                                                          5.320000  n
A_reg_reg[11]             DFFR_X1         NangateOpenCellLibrary_ss0p95vn40c
                                                          5.320000  n
A_reg_reg[12]             DFFR_X1         NangateOpenCellLibrary_ss0p95vn40c
                                                          5.320000  n
A_reg_reg[13]             DFFR_X1         NangateOpenCellLibrary_ss0p95vn40c
                                                          5.320000  n
A_reg_reg[14]             DFFR_X1         NangateOpenCellLibrary_ss0p95vn40c
                                                          5.320000  n
A_reg_reg[15]             DFFR_X1         NangateOpenCellLibrary_ss0p95vn40c
                                                          5.320000  n
A_reg_reg[16]             DFFR_X1         NangateOpenCellLibrary_ss0p95vn40c
                                                          5.320000  n
A_reg_reg[17]             DFFR_X1         NangateOpenCellLibrary_ss0p95vn40c
                                                          5.320000  n
A_reg_reg[18]             DFFR_X1         NangateOpenCellLibrary_ss0p95vn40c
                                                          5.320000  n
A_reg_reg[19]             DFFR_X1         NangateOpenCellLibrary_ss0p95vn40c
                                                          5.320000  n
A_reg_reg[20]             DFFR_X1         NangateOpenCellLibrary_ss0p95vn40c
                                                          5.320000  n
A_reg_reg[21]             DFFR_X1         NangateOpenCellLibrary_ss0p95vn40c
                                                          5.320000  n
A_reg_reg[22]             DFFR_X1         NangateOpenCellLibrary_ss0p95vn40c
                                                          5.320000  n
A_reg_reg[23]             DFFR_X1         NangateOpenCellLibrary_ss0p95vn40c
                                                          5.320000  n
A_reg_reg[24]             DFFR_X1         NangateOpenCellLibrary_ss0p95vn40c
                                                          5.320000  n
A_reg_reg[25]             DFFR_X1         NangateOpenCellLibrary_ss0p95vn40c
                                                          5.320000  n
A_reg_reg[26]             DFFR_X1         NangateOpenCellLibrary_ss0p95vn40c
                                                          5.320000  n
A_reg_reg[27]             DFFR_X1         NangateOpenCellLibrary_ss0p95vn40c
                                                          5.320000  n
A_reg_reg[28]             DFFR_X1         NangateOpenCellLibrary_ss0p95vn40c
                                                          5.320000  n
A_reg_reg[29]             DFFR_X1         NangateOpenCellLibrary_ss0p95vn40c
                                                          5.320000  n
A_reg_reg[30]             DFFR_X1         NangateOpenCellLibrary_ss0p95vn40c
                                                          5.320000  n
A_reg_reg[31]             DFFR_X1         NangateOpenCellLibrary_ss0p95vn40c
                                                          5.320000  n
B_reg_reg[0]              DFFR_X1         NangateOpenCellLibrary_ss0p95vn40c
                                                          5.320000  n
B_reg_reg[1]              DFFR_X1         NangateOpenCellLibrary_ss0p95vn40c
                                                          5.320000  n
B_reg_reg[2]              DFFR_X1         NangateOpenCellLibrary_ss0p95vn40c
                                                          5.320000  n
B_reg_reg[3]              DFFR_X1         NangateOpenCellLibrary_ss0p95vn40c
                                                          5.320000  n
B_reg_reg[4]              DFFR_X1         NangateOpenCellLibrary_ss0p95vn40c
                                                          5.320000  n
B_reg_reg[5]              DFFR_X1         NangateOpenCellLibrary_ss0p95vn40c
                                                          5.320000  n
B_reg_reg[6]              DFFR_X1         NangateOpenCellLibrary_ss0p95vn40c
                                                          5.320000  n
B_reg_reg[7]              DFFR_X1         NangateOpenCellLibrary_ss0p95vn40c
                                                          5.320000  n
B_reg_reg[8]              DFFR_X1         NangateOpenCellLibrary_ss0p95vn40c
                                                          5.320000  n
B_reg_reg[9]              DFFR_X1         NangateOpenCellLibrary_ss0p95vn40c
                                                          5.320000  n
B_reg_reg[10]             DFFR_X1         NangateOpenCellLibrary_ss0p95vn40c
                                                          5.320000  n
B_reg_reg[11]             DFFR_X1         NangateOpenCellLibrary_ss0p95vn40c
                                                          5.320000  n
B_reg_reg[12]             DFFR_X1         NangateOpenCellLibrary_ss0p95vn40c
                                                          5.320000  n
B_reg_reg[13]             DFFR_X1         NangateOpenCellLibrary_ss0p95vn40c
                                                          5.320000  n
B_reg_reg[14]             DFFR_X1         NangateOpenCellLibrary_ss0p95vn40c
                                                          5.320000  n
B_reg_reg[15]             DFFR_X1         NangateOpenCellLibrary_ss0p95vn40c
                                                          5.320000  n
B_reg_reg[16]             DFFR_X1         NangateOpenCellLibrary_ss0p95vn40c
                                                          5.320000  n
B_reg_reg[17]             DFFR_X1         NangateOpenCellLibrary_ss0p95vn40c
                                                          5.320000  n
B_reg_reg[18]             DFFR_X1         NangateOpenCellLibrary_ss0p95vn40c
                                                          5.320000  n
B_reg_reg[19]             DFFR_X1         NangateOpenCellLibrary_ss0p95vn40c
                                                          5.320000  n
B_reg_reg[20]             DFFR_X1         NangateOpenCellLibrary_ss0p95vn40c
                                                          5.320000  n
B_reg_reg[21]             DFFR_X1         NangateOpenCellLibrary_ss0p95vn40c
                                                          5.320000  n
B_reg_reg[22]             DFFR_X1         NangateOpenCellLibrary_ss0p95vn40c
                                                          5.320000  n
B_reg_reg[23]             DFFR_X1         NangateOpenCellLibrary_ss0p95vn40c
                                                          5.320000  n
B_reg_reg[24]             DFFR_X1         NangateOpenCellLibrary_ss0p95vn40c
                                                          5.320000  n
B_reg_reg[25]             DFFR_X1         NangateOpenCellLibrary_ss0p95vn40c
                                                          5.320000  n
B_reg_reg[26]             DFFR_X1         NangateOpenCellLibrary_ss0p95vn40c
                                                          5.320000  n
B_reg_reg[27]             DFFR_X1         NangateOpenCellLibrary_ss0p95vn40c
                                                          5.320000  n
B_reg_reg[28]             DFFR_X1         NangateOpenCellLibrary_ss0p95vn40c
                                                          5.320000  n
B_reg_reg[29]             DFFR_X1         NangateOpenCellLibrary_ss0p95vn40c
                                                          5.320000  n
B_reg_reg[30]             DFFR_X1         NangateOpenCellLibrary_ss0p95vn40c
                                                          5.320000  n
B_reg_reg[31]             DFFR_X1         NangateOpenCellLibrary_ss0p95vn40c
                                                          5.320000  n
P_reg_reg[0]              DFFR_X1         NangateOpenCellLibrary_ss0p95vn40c
                                                          5.320000  n
P_reg_reg[1]              DFFR_X1         NangateOpenCellLibrary_ss0p95vn40c
                                                          5.320000  n
P_reg_reg[2]              DFFR_X1         NangateOpenCellLibrary_ss0p95vn40c
                                                          5.320000  n
P_reg_reg[3]              DFFR_X1         NangateOpenCellLibrary_ss0p95vn40c
                                                          5.320000  n
P_reg_reg[4]              DFFR_X1         NangateOpenCellLibrary_ss0p95vn40c
                                                          5.320000  n
P_reg_reg[5]              DFFR_X1         NangateOpenCellLibrary_ss0p95vn40c
                                                          5.320000  n
P_reg_reg[6]              DFFR_X1         NangateOpenCellLibrary_ss0p95vn40c
                                                          5.320000  n
P_reg_reg[7]              DFFR_X1         NangateOpenCellLibrary_ss0p95vn40c
                                                          5.320000  n
P_reg_reg[8]              DFFR_X1         NangateOpenCellLibrary_ss0p95vn40c
                                                          5.320000  n
P_reg_reg[9]              DFFR_X1         NangateOpenCellLibrary_ss0p95vn40c
                                                          5.320000  n
P_reg_reg[10]             DFFR_X1         NangateOpenCellLibrary_ss0p95vn40c
                                                          5.320000  n
P_reg_reg[11]             DFFR_X1         NangateOpenCellLibrary_ss0p95vn40c
                                                          5.320000  n
P_reg_reg[12]             DFFR_X1         NangateOpenCellLibrary_ss0p95vn40c
                                                          5.320000  n
P_reg_reg[13]             DFFR_X1         NangateOpenCellLibrary_ss0p95vn40c
                                                          5.320000  n
P_reg_reg[14]             DFFR_X1         NangateOpenCellLibrary_ss0p95vn40c
                                                          5.320000  n
P_reg_reg[15]             DFFR_X1         NangateOpenCellLibrary_ss0p95vn40c
                                                          5.320000  n
P_reg_reg[16]             DFFR_X1         NangateOpenCellLibrary_ss0p95vn40c
                                                          5.320000  n
P_reg_reg[17]             DFFR_X1         NangateOpenCellLibrary_ss0p95vn40c
                                                          5.320000  n
P_reg_reg[18]             DFFR_X1         NangateOpenCellLibrary_ss0p95vn40c
                                                          5.320000  n
P_reg_reg[19]             DFFR_X1         NangateOpenCellLibrary_ss0p95vn40c
                                                          5.320000  n
P_reg_reg[20]             DFFR_X1         NangateOpenCellLibrary_ss0p95vn40c
                                                          5.320000  n
P_reg_reg[21]             DFFR_X1         NangateOpenCellLibrary_ss0p95vn40c
                                                          5.320000  n
P_reg_reg[22]             DFFR_X1         NangateOpenCellLibrary_ss0p95vn40c
                                                          5.320000  n
P_reg_reg[23]             DFFR_X1         NangateOpenCellLibrary_ss0p95vn40c
                                                          5.320000  n
P_reg_reg[24]             DFFR_X1         NangateOpenCellLibrary_ss0p95vn40c
                                                          5.320000  n
P_reg_reg[25]             DFFR_X1         NangateOpenCellLibrary_ss0p95vn40c
                                                          5.320000  n
P_reg_reg[26]             DFFR_X1         NangateOpenCellLibrary_ss0p95vn40c
                                                          5.320000  n
P_reg_reg[27]             DFFR_X1         NangateOpenCellLibrary_ss0p95vn40c
                                                          5.320000  n
P_reg_reg[28]             DFFR_X1         NangateOpenCellLibrary_ss0p95vn40c
                                                          5.320000  n
P_reg_reg[29]             DFFR_X1         NangateOpenCellLibrary_ss0p95vn40c
                                                          5.320000  n
P_reg_reg[30]             DFFR_X1         NangateOpenCellLibrary_ss0p95vn40c
                                                          5.320000  n
P_reg_reg[31]             DFFR_X1         NangateOpenCellLibrary_ss0p95vn40c
                                                          5.320000  n
P_reg_reg[32]             DFFR_X1         NangateOpenCellLibrary_ss0p95vn40c
                                                          5.320000  n
P_reg_reg[33]             DFFR_X1         NangateOpenCellLibrary_ss0p95vn40c
                                                          5.320000  n
P_reg_reg[34]             DFFR_X1         NangateOpenCellLibrary_ss0p95vn40c
                                                          5.320000  n
P_reg_reg[35]             DFFR_X1         NangateOpenCellLibrary_ss0p95vn40c
                                                          5.320000  n
P_reg_reg[36]             DFFR_X1         NangateOpenCellLibrary_ss0p95vn40c
                                                          5.320000  n
P_reg_reg[37]             DFFR_X1         NangateOpenCellLibrary_ss0p95vn40c
                                                          5.320000  n
P_reg_reg[38]             DFFR_X1         NangateOpenCellLibrary_ss0p95vn40c
                                                          5.320000  n
P_reg_reg[39]             DFFR_X1         NangateOpenCellLibrary_ss0p95vn40c
                                                          5.320000  n
P_reg_reg[40]             DFFR_X1         NangateOpenCellLibrary_ss0p95vn40c
                                                          5.320000  n
P_reg_reg[41]             DFFR_X1         NangateOpenCellLibrary_ss0p95vn40c
                                                          5.320000  n
P_reg_reg[42]             DFFR_X1         NangateOpenCellLibrary_ss0p95vn40c
                                                          5.320000  n
P_reg_reg[43]             DFFR_X1         NangateOpenCellLibrary_ss0p95vn40c
                                                          5.320000  n
P_reg_reg[44]             DFFR_X1         NangateOpenCellLibrary_ss0p95vn40c
                                                          5.320000  n
P_reg_reg[45]             DFFR_X1         NangateOpenCellLibrary_ss0p95vn40c
                                                          5.320000  n
P_reg_reg[46]             DFFR_X1         NangateOpenCellLibrary_ss0p95vn40c
                                                          5.320000  n
P_reg_reg[47]             DFFR_X1         NangateOpenCellLibrary_ss0p95vn40c
                                                          5.320000  n
P_reg_reg[48]             DFFR_X1         NangateOpenCellLibrary_ss0p95vn40c
                                                          5.320000  n
P_reg_reg[49]             DFFR_X1         NangateOpenCellLibrary_ss0p95vn40c
                                                          5.320000  n
P_reg_reg[50]             DFFR_X1         NangateOpenCellLibrary_ss0p95vn40c
                                                          5.320000  n
P_reg_reg[51]             DFFR_X1         NangateOpenCellLibrary_ss0p95vn40c
                                                          5.320000  n
P_reg_reg[52]             DFFR_X1         NangateOpenCellLibrary_ss0p95vn40c
                                                          5.320000  n
P_reg_reg[53]             DFFR_X1         NangateOpenCellLibrary_ss0p95vn40c
                                                          5.320000  n
P_reg_reg[54]             DFFR_X1         NangateOpenCellLibrary_ss0p95vn40c
                                                          5.320000  n
P_reg_reg[55]             DFFR_X1         NangateOpenCellLibrary_ss0p95vn40c
                                                          5.320000  n
P_reg_reg[56]             DFFR_X1         NangateOpenCellLibrary_ss0p95vn40c
                                                          5.320000  n
P_reg_reg[57]             DFFR_X1         NangateOpenCellLibrary_ss0p95vn40c
                                                          5.320000  n
P_reg_reg[58]             DFFR_X1         NangateOpenCellLibrary_ss0p95vn40c
                                                          5.320000  n
P_reg_reg[59]             DFFR_X1         NangateOpenCellLibrary_ss0p95vn40c
                                                          5.320000  n
P_reg_reg[60]             DFFR_X1         NangateOpenCellLibrary_ss0p95vn40c
                                                          5.320000  n
P_reg_reg[61]             DFFR_X1         NangateOpenCellLibrary_ss0p95vn40c
                                                          5.320000  n
P_reg_reg[62]             DFFR_X1         NangateOpenCellLibrary_ss0p95vn40c
                                                          5.320000  n
P_reg_reg[63]             DFFR_X1         NangateOpenCellLibrary_ss0p95vn40c
                                                          5.320000  n
U4                        INV_X1          NangateOpenCellLibrary_ss0p95vn40c
                                                          0.532000  
U5                        BUF_X1          NangateOpenCellLibrary_ss0p95vn40c
                                                          0.798000  
U6                        BUF_X1          NangateOpenCellLibrary_ss0p95vn40c
                                                          0.798000  
U7                        BUF_X1          NangateOpenCellLibrary_ss0p95vn40c
                                                          0.798000  
U8                        BUF_X1          NangateOpenCellLibrary_ss0p95vn40c
                                                          0.798000  
U9                        BUF_X1          NangateOpenCellLibrary_ss0p95vn40c
                                                          0.798000  
U10                       BUF_X1          NangateOpenCellLibrary_ss0p95vn40c
                                                          0.798000  
U11                       BUF_X1          NangateOpenCellLibrary_ss0p95vn40c
                                                          0.798000  
U12                       BUF_X1          NangateOpenCellLibrary_ss0p95vn40c
                                                          0.798000  
U13                       BUF_X1          NangateOpenCellLibrary_ss0p95vn40c
                                                          0.798000  
U14                       BUF_X1          NangateOpenCellLibrary_ss0p95vn40c
                                                          0.798000  
U15                       BUF_X1          NangateOpenCellLibrary_ss0p95vn40c
                                                          0.798000  
mult_21                   VerilogMultiplier_DW02_mult_0   5334.896008
                                                                    BO, h
--------------------------------------------------------------------------------
Total 141 cells                                           6025.166030
1
