Information: Propagating switching activity (low effort zero delay simulation). (PWR-6)
Warning: Design has unannotated primary inputs. (PWR-414)
Warning: Design has unannotated sequential cell outputs. (PWR-415)
 
****************************************
Report : power
        -analysis_effort low
Design : VerilogMultiplier
Version: G-2012.06-SP2
Date   : Sat Dec 24 21:28:11 2016
****************************************


Library(s) Used:

    NangateOpenCellLibrary_ss0p95vn40c (File: /home/standard_cell_libraries/NangateOpenCellLibrary_PDKv1_3_v2010_12/lib/Front_End/Liberty/NLDM/NangateOpenCellLibrary_ss0p95vn40c.db)


Operating Conditions: worst_low   Library: NangateOpenCellLibrary_ss0p95vn40c
Wire Load Model Mode: top

Design        Wire Load Model            Library
------------------------------------------------
VerilogMultiplier      5K_hvratio_1_1    NangateOpenCellLibrary_ss0p95vn40c


Global Operating Voltage = 0.95 
Power-specific unit information :
    Voltage Units = 1V
    Capacitance Units = 1.000000ff
    Time Units = 1ns
    Dynamic Power Units = 1uW    (derived from V,C,T units)
    Leakage Power Units = 1nW


  Cell Internal Power  = 313.9552 uW   (64%)
  Net Switching Power  = 177.5350 uW   (36%)
                         ---------
Total Dynamic Power    = 491.4902 uW  (100%)

Cell Leakage Power     =  23.6985 uW


                 Internal         Switching           Leakage            Total
Power Group      Power            Power               Power              Power   (   %    )  Attrs
--------------------------------------------------------------------------------------------------
io_pad             0.0000            0.0000            0.0000            0.0000  (   0.00%)
memory             0.0000            0.0000            0.0000            0.0000  (   0.00%)
black_box          0.0000            0.0000            0.0000            0.0000  (   0.00%)
clock_network      0.0000            0.0000            0.0000            0.0000  (   0.00%)
register         135.8798           14.6589        2.3996e+03          152.9384  (  29.69%)
sequential         0.0000            0.0000            0.0000            0.0000  (   0.00%)
combinational    178.0752          162.8759        2.1299e+04          362.2504  (  70.31%)
--------------------------------------------------------------------------------------------------
Total            313.9550 uW       177.5348 uW     2.3698e+04 nW       515.1888 uW
1
