 
****************************************
Report : resources
Design : VerilogMultiplier
Version: G-2012.06-SP2
Date   : Thu Jun 23 21:05:35 2016
****************************************

Resource Sharing Report for design VerilogMultiplier in file
        ./source/verilog_multiplier.v

===============================================================================
|          |              |            | Contained     |                      |
| Resource | Module       | Parameters | Resources     | Contained Operations |
===============================================================================
| r140     | DW02_mult    | A_width=32 |               | mult_21              |
|          |              | B_width=32 |               |                      |
===============================================================================


Implementation Report
===============================================================================
|                    |                  | Current            | Set            |
| Cell               | Module           | Implementation     | Implementation |
===============================================================================
| mult_21            | DW02_mult        | csa                |                |
===============================================================================


No multiplexors to report
1
