Information: Propagating switching activity (low effort zero delay simulation). (PWR-6)
Warning: Design has unannotated primary inputs. (PWR-414)
Warning: Design has unannotated sequential cell outputs. (PWR-415)
 
****************************************
Report : power
        -analysis_effort low
Design : VerilogMultiplier
Version: G-2012.06-SP2
Date   : Thu Jun 23 21:05:35 2016
****************************************


Library(s) Used:

    saed90nm_typ_ht (File: /home/ahesham/Desktop/VerilogMultiplier/ref/models/saed90nm_typ_ht.db)


Operating Conditions: TYPICAL   Library: saed90nm_typ_ht
Wire Load Model Mode: enclosed

Design        Wire Load Model            Library
------------------------------------------------
VerilogMultiplier      70000             saed90nm_typ_ht
VerilogMultiplier_DW02_mult_0
                       70000             saed90nm_typ_ht
VerilogMultiplier_DW01_add_0
                       8000              saed90nm_typ_ht


Global Operating Voltage = 1.2  
Power-specific unit information :
    Voltage Units = 1V
    Capacitance Units = 1.000000ff
    Time Units = 1ns
    Dynamic Power Units = 1uW    (derived from V,C,T units)
    Leakage Power Units = 1pW


  Cell Internal Power  = 206.6310 uW   (81%)
  Net Switching Power  =  47.9787 uW   (19%)
                         ---------
Total Dynamic Power    = 254.6097 uW  (100%)

Cell Leakage Power     = 768.6636 uW


                 Internal         Switching           Leakage            Total
Power Group      Power            Power               Power              Power   (   %    )  Attrs
--------------------------------------------------------------------------------------------------
io_pad             0.0000            0.0000            0.0000            0.0000  (   0.00%)
memory             0.0000            0.0000            0.0000            0.0000  (   0.00%)
black_box          0.0000            0.0000            0.0000            0.0000  (   0.00%)
clock_network      0.0000            0.0000            0.0000            0.0000  (   0.00%)
register           1.6481            1.9192        5.2540e+07           56.1078  (   5.48%)
sequential         0.0000            0.0000            0.0000            0.0000  (   0.00%)
combinational    204.9835           46.0595        7.1612e+08          967.1633  (  94.52%)
--------------------------------------------------------------------------------------------------
Total            206.6316 uW        47.9787 uW     7.6866e+08 pW     1.0233e+03 uW
1
