
Information: There are 1 potential problems in your design. Please run 'check_design' for more information. (LINT-99)



  Beginning Pass 1 Mapping
  ------------------------
  Processing 'FP_MULTIPLIER'

  Updating timing information
Information: Updating design information... (UID-85)

  Beginning Implementation Selection
  ----------------------------------
  Processing 'FP_MULTIPLIER_DW01_inc_0'
  Processing 'FP_MULTIPLIER_DW01_ash_0'
  Processing 'FP_MULTIPLIER_DW01_add_0'
  Processing 'FP_MULTIPLIER_DW01_sub_0'
  Processing 'FP_MULTIPLIER_DW02_mult_0'
  Processing 'FP_MULTIPLIER_DW01_add_1'

  Beginning Mapping Optimizations  (Medium effort)
  -------------------------------

   ELAPSED            WORST NEG TOTAL NEG  DESIGN                            
    TIME      AREA      SLACK     SLACK   RULE COST         ENDPOINT         
  --------- --------- --------- --------- --------- -------------------------
    0:00:03    3891.8      0.70      20.6     132.0                          
    0:00:03    3891.8      0.70      20.6     132.0                          
    0:00:03    3891.8      0.70      20.6     132.0                          
    0:00:03    3891.8      0.70      20.6     132.0                          
    0:00:03    3891.8      0.70      20.6     132.0                          
    0:00:03    3891.8      0.70      20.6     132.0                          
    0:00:03    3642.9      0.71      20.2       0.0                          
    0:00:03    3646.1      0.71      20.3       0.0                          
    0:00:03    3646.1      0.71      20.3       0.0                          
    0:00:03    3646.1      0.71      20.3       0.0                          
    0:00:03    3646.1      0.71      20.3       0.0                          
    0:00:03    3646.1      0.71      20.3       0.0                          
    0:00:03    3646.1      0.71      20.3       0.0                          
    0:00:03    3646.1      0.71      20.3       0.0                          
    0:00:03    3646.1      0.71      20.3       0.0                          
    0:00:03    3658.3      0.69      19.8       0.0 P_reg_reg[12]/D          
    0:00:04    3658.8      0.68      19.8       0.0                          



  Beginning Delay Optimization Phase
  ----------------------------------

   ELAPSED            WORST NEG TOTAL NEG  DESIGN                            
    TIME      AREA      SLACK     SLACK   RULE COST         ENDPOINT         
  --------- --------- --------- --------- --------- -------------------------
    0:00:04    3658.8      0.68      19.8       0.0                          
    0:00:04    3676.1      0.56      16.1       0.0 P_reg_reg[20]/D          
    0:00:04    3678.2      0.51      14.6       0.0 P_reg_reg[20]/D          
    0:00:04    3685.7      0.51      14.6       0.0 P_reg_reg[16]/D          
    0:00:04    3693.1      0.45      12.9       0.0 P_reg_reg[20]/D          
    0:00:04    3699.0      0.43      12.3       0.0 P_reg_reg[17]/D          
    0:00:04    3701.1      0.42      11.6       0.0 P_reg_reg[17]/D          
    0:00:04    3709.1      0.41      11.5       0.0 P_reg_reg[18]/D          
    0:00:04    3711.5      0.39      11.0       0.0 P_reg_reg[15]/D          
    0:00:04    3711.5      0.37      10.4       0.0 P_reg_reg[17]/D          
    0:00:04    3715.8      0.35       9.9       0.0 P_reg_reg[18]/D          
    0:00:04    3721.9      0.29       8.1       0.0 P_reg_reg[18]/D          
    0:00:05    3722.1      0.29       8.0       0.0 P_reg_reg[11]/D          
    0:00:05    3720.8      0.29       7.9       0.0 P_reg_reg[11]/D          
    0:00:05    3720.3      0.28       7.8       0.0 P_reg_reg[10]/D          
    0:00:05    3722.9      0.28       7.4       0.0 P_reg_reg[17]/D          
    0:00:05    3725.6      0.26       6.8       0.0 P_reg_reg[10]/D          
    0:00:05    3736.0      0.24       6.4      31.7 P_reg_reg[10]/D          
    0:00:05    3736.5      0.22       5.8      31.7 P_reg_reg[11]/D          
    0:00:05    3741.0      0.22       5.7      31.7 P_reg_reg[14]/D          
    0:00:05    3743.2      0.21       5.5      31.7 P_reg_reg[11]/D          
    0:00:05    3740.0      0.21       5.2      31.7 P_reg_reg[11]/D          
    0:00:05    3744.7      0.19       4.7      31.7 P_reg_reg[14]/D          
    0:00:06    3747.4      0.18       4.4      31.7 P_reg_reg[11]/D          
    0:00:06    3754.1      0.15       3.5      31.7 P_reg_reg[11]/D          
    0:00:06    3758.6      0.14       3.2      31.7 P_reg_reg[11]/D          
    0:00:06    3757.3      0.13       3.1      31.7 P_reg_reg[20]/D          
    0:00:06    3762.3      0.13       3.1      31.7 P_reg_reg[20]/D          
    0:00:06    3763.9      0.13       3.0      31.7 P_reg_reg[20]/D          
    0:00:06    3765.8      0.13       2.9      31.7 P_reg_reg[20]/D          
    0:00:06    3767.6      0.13       2.9      31.7 P_reg_reg[17]/D          
    0:00:06    3767.6      0.13       2.9      31.7 P_reg_reg[14]/D          
    0:00:06    3769.0      0.12       2.7      31.7 P_reg_reg[14]/D          
    0:00:06    3770.8      0.11       2.5      31.7 P_reg_reg[14]/D          
    0:00:07    3773.2      0.10       2.2      31.7 P_reg_reg[7]/D           
    0:00:07    3776.4      0.10       2.2      31.7 P_reg_reg[14]/D          
    0:00:07    3779.1      0.06       1.4       6.5 P_reg_reg[14]/D          
    0:00:07    3779.6      0.06       1.3       6.5 P_reg_reg[13]/D          
    0:00:07    3782.5      0.05       1.1       6.5 P_reg_reg[13]/D          
    0:00:07    3787.3      0.05       1.0       6.5 P_reg_reg[13]/D          
    0:00:07    3790.5      0.05       1.0       6.5 P_reg_reg[13]/D          
    0:00:07    3794.8      0.04       1.0       6.5 P_reg_reg[14]/D          
    0:00:07    3793.7      0.04       0.9       6.5 P_reg_reg[14]/D          
    0:00:07    3793.4      0.04       0.8       6.5 P_reg_reg[21]/D          
    0:00:07    3791.8      0.04       0.8       6.5 P_reg_reg[5]/D           
    0:00:08    3789.7      0.03       0.6       6.5 P_reg_reg[5]/D           
    0:00:08    3791.0      0.03       0.6       6.5 P_reg_reg[5]/D           
    0:00:08    3791.8      0.02       0.3       6.5 P_reg_reg[5]/D           
    0:00:08    3791.8      0.01       0.3       6.5 P_reg_reg[5]/D           
    0:00:08    3791.8      0.01       0.2       6.5 P_reg_reg[5]/D           
    0:00:08    3794.2      0.01       0.2       6.5 P_reg_reg[5]/D           
    0:00:08    3795.0      0.00       0.1       6.5 P_reg_reg[5]/D           
    0:00:08    3796.1      0.00       0.1       6.5 P_reg_reg[5]/D           
    0:00:08    3796.9      0.00       0.0       6.5 P_reg_reg[5]/D           
    0:00:08    3797.9      0.00       0.0       6.5 P_reg_reg[5]/D           
    0:00:08    3797.9      0.00       0.0       6.5                          
    0:00:08    3797.9      0.00       0.0       6.5                          


  Beginning Design Rule Fixing  (max_capacitance)
  ----------------------------

   ELAPSED            WORST NEG TOTAL NEG  DESIGN                            
    TIME      AREA      SLACK     SLACK   RULE COST         ENDPOINT         
  --------- --------- --------- --------- --------- -------------------------
    0:00:08    3797.9      0.00       0.0       6.5                          
    0:00:08    3788.9      0.00       0.0       0.0                          


  Beginning Area-Recovery Phase  (cleanup)
  -----------------------------

   ELAPSED            WORST NEG TOTAL NEG  DESIGN                            
    TIME      AREA      SLACK     SLACK   RULE COST         ENDPOINT         
  --------- --------- --------- --------- --------- -------------------------
    0:00:08    3788.9      0.00       0.0       0.0                          
    0:00:08    3788.9      0.00       0.0       0.0                          
    0:00:08    3788.9      0.00       0.0       0.0                          
    0:00:08    3763.1      0.00       0.0       0.0                          
    0:00:08    3746.1      0.01       0.1       0.0                          
    0:00:08    3744.5      0.01       0.1       0.0                          
    0:00:08    3743.4      0.01       0.1       0.0                          
    0:00:08    3743.4      0.01       0.1       0.0                          
    0:00:08    3743.4      0.01       0.1       0.0                          
    0:00:09    3745.0      0.00       0.0       0.0                          
    0:00:09    3745.0      0.00       0.0       0.0                          
    0:00:09    3745.0      0.00       0.0       0.0                          
    0:00:09    3742.4      0.00       0.0       0.0                          
    0:00:09    3741.6      0.00       0.0       0.0                          
    0:00:09    3741.6      0.00       0.0       0.0                          
    0:00:09    3741.6      0.00       0.0       0.0                          
    0:00:09    3741.6      0.00       0.0       0.0                          
    0:00:09    3741.6      0.00       0.0       0.0                          
    0:00:09    3741.6      0.00       0.0       0.0                          
    0:00:09    3741.6      0.00       0.0       0.0                          
    0:00:09    3738.9      0.00       0.0       0.0                          
Loading db file '/home/standard_cell_libraries/NangateOpenCellLibrary_PDKv1_3_v2010_12/lib/Front_End/Liberty/NLDM/NangateOpenCellLibrary_ss0p95vn40c.db'

  Optimization Complete
  ---------------------
1
