 
****************************************
Report : resources
Design : BoothMultiplier
Version: G-2012.06-SP2
Date   : Sat Dec 24 21:05:29 2016
****************************************

Resource Sharing Report for design BoothMultiplier in file
        /home/ahesham/Desktop/FP_MULT/source/Booth.v

===============================================================================
|          |              |            | Contained     |                      |
| Resource | Module       | Parameters | Resources     | Contained Operations |
===============================================================================
| r60      | DW01_cmp2    | width=6    |               | gt_40                |
| r62      | DW01_dec     | width=6    |               | sub_51               |
| r64      | DW01_add     | width=32   |               | add_57               |
| r66      | DW01_sub     | width=32   |               | sub_61               |
===============================================================================


Implementation Report
===============================================================================
|                    |                  | Current            | Set            |
| Cell               | Module           | Implementation     | Implementation |
===============================================================================
| add_57             | DW01_add         | cla                |                |
| sub_61             | DW01_sub         | cla                |                |
===============================================================================


No multiplexors to report
1
