Information: Evaluating DesignWare library utilization. (UISN-27)

============================================================================
| DesignWare Building Block Library  |         Version         | Available |
============================================================================
| Basic DW Building Blocks           | G-2012.06-DWBB_201206.2 |     *     |
| Licensed DW Building Blocks        |                         |           |
============================================================================


Information: There are 2040 potential problems in your design. Please run 'check_design' for more information. (LINT-99)



  Beginning Pass 1 Mapping
  ------------------------
  Processing 'FullAdder_0'
  Processing 'WallaceTreeMultiplier'

  Updating timing information
Information: Updating design information... (UID-85)

  Beginning Implementation Selection
  ----------------------------------
  Processing 'WallaceTreeMultiplier_DW01_add_0'

  Beginning Mapping Optimizations  (Medium effort)
  -------------------------------

   ELAPSED            WORST NEG TOTAL NEG  DESIGN                            
    TIME      AREA      SLACK     SLACK   RULE COST         ENDPOINT         
  --------- --------- --------- --------- --------- -------------------------
    0:00:05  196547.3     15.94     376.8      25.7                          
    0:00:05  196547.3     15.94     376.8      25.7                          
    0:00:05  196578.5     15.94     376.8      25.6                          
    0:00:05  196819.3     15.94     376.8      25.6                          
    0:00:05  197198.9     14.87     328.3      20.8                          
    0:00:11  197878.1      4.85      38.6     135.0                          
    0:00:11  197878.1      4.85      38.6     135.0                          
    0:00:11  197878.1      4.85      38.6     135.0                          
    0:00:11  197878.1      4.85      38.6     135.0                          
    0:00:11  197878.1      4.85      38.6     135.0                          
    0:00:11  197878.1      4.85      38.6     135.0                          
    0:00:12  191845.3      5.16      43.4       0.0                          
    0:00:13  191979.6      4.96      40.3       0.0                          
    0:00:14  191975.9      4.96      40.3       0.0                          
    0:00:14  192062.1      4.54      38.3       0.0                          
    0:00:15  192118.4      4.33      36.2       0.0                          
    0:00:15  192120.2      4.31      36.0       0.0                          
    0:00:16  192133.3      4.26      35.2       0.0                          
    0:00:16  192133.3      4.26      35.2       0.0                          
    0:00:17  192133.3      4.26      35.2       0.0                          
    0:00:17  192133.3      4.26      35.2       0.0                          
    0:00:17  192133.3      4.26      35.2       0.0                          
    0:00:17  192133.3      4.26      35.2       0.0                          
    0:00:17  192133.3      4.26      35.2       0.0                          
    0:00:17  192133.3      4.26      35.2       0.0                          



  Beginning Delay Optimization Phase
  ----------------------------------

   ELAPSED            WORST NEG TOTAL NEG  DESIGN                            
    TIME      AREA      SLACK     SLACK   RULE COST         ENDPOINT         
  --------- --------- --------- --------- --------- -------------------------
    0:00:17  192133.3      4.26      35.2       0.0                          
    0:00:17  192501.3      3.01      18.7       0.0 out_reg[63]/D            
    0:00:17  192623.7      2.69      15.6       0.0 out_reg[63]/D            
    0:00:17  192813.1      2.23      11.0       0.0 out_reg[63]/D            
    0:00:18  192900.9      2.02       9.2       0.0 out_reg[63]/D            
    0:00:18  193065.0      1.83       7.7       0.0 out_reg[63]/D            
    0:00:18  193256.5      1.64       6.3       0.0 out_reg[63]/D            
    0:00:18  193302.1      1.63       6.3       0.0 out_reg[63]/D            
    0:00:18  193429.4      1.52       5.5       0.0 out_reg[63]/D            
    0:00:18  193489.5      1.49       5.3       0.0 out_reg[63]/D            
    0:00:18  193616.7      1.41       4.8       0.0 out_reg[63]/D            
    0:00:18  193724.1      1.32       4.3       0.0 out_reg[63]/D            
    0:00:18  193923.1      1.22       3.8       0.0 out_reg[63]/D            
    0:00:19  194043.3      1.17       3.5       0.0 out_reg[63]/D            
    0:00:19  194208.1      1.13       3.3       0.0 out_reg[63]/D            
    0:00:19  194313.5      1.08       3.0       0.0 out_reg[63]/D            
    0:00:19  194364.8      1.07       3.0       0.0 out_reg[63]/D            
    0:00:19  194477.6      1.03       2.8       0.0 out_reg[63]/D            
    0:00:19  194520.4      1.01       2.7       0.0 out_reg[63]/D            
    0:00:19  194532.2      0.95       2.5       0.0 out_reg[63]/D            
    0:00:19  194625.0      0.93       2.4       0.0 out_reg[63]/D            
    0:00:20  194715.4      0.72       1.6       0.0 out_reg[63]/D            
    0:00:20  194766.5      0.70       1.5       0.0 out_reg[63]/D            
    0:00:20  194849.1      0.68       1.4       0.0 out_reg[63]/D            
    0:00:20  194963.2      0.63       1.3       0.0 out_reg[63]/D            
    0:00:20  195012.4      0.58       1.1       0.0 out_reg[63]/D            
    0:00:20  195061.9      0.57       1.1       0.0 out_reg[63]/D            
    0:00:20  195264.3      0.33       0.4       0.0 out_reg[63]/D            
    0:00:20  195316.5      0.31       0.4       0.0 out_reg[63]/D            
    0:00:20  195417.7      0.28       0.4       0.0 out_reg[63]/D            
    0:00:21  195493.8      0.26       0.3       0.0 out_reg[63]/D            
    0:00:21  195676.6      0.00       0.0       0.0 out_reg[63]/D            
    0:00:21  195676.6      0.00       0.0       0.0                          
    0:00:21  195676.6      0.00       0.0       0.0                          


  Beginning Area-Recovery Phase  (cleanup)
  -----------------------------

   ELAPSED            WORST NEG TOTAL NEG  DESIGN                            
    TIME      AREA      SLACK     SLACK   RULE COST         ENDPOINT         
  --------- --------- --------- --------- --------- -------------------------
    0:00:21  195676.6      0.00       0.0       0.0                          
    0:00:21  195676.6      0.00       0.0       0.0                          
    0:00:21  195676.6      0.00       0.0       0.0                          
    0:00:21  194255.0      0.21       0.2       0.0                          
    0:00:21  193937.4      0.17       0.2       0.0                          
    0:00:21  193874.0      0.17       0.2       0.0                          
    0:00:21  193869.1      0.17       0.2       0.0                          
    0:00:21  193869.1      0.17       0.2       0.0                          
    0:00:21  193869.1      0.17       0.2       0.0                          
    0:00:21  193920.2      0.00       0.0       0.0                          
    0:00:21  193920.2      0.00       0.0       0.0                          
    0:00:21  193920.2      0.00       0.0       0.0                          
    0:00:22  193042.9      0.44       0.7       0.0                          
    0:00:22  193023.5      0.44       0.7       0.0                          
    0:00:22  193023.5      0.44       0.7       0.0                          
    0:00:22  193023.5      0.44       0.7       0.0                          
    0:00:22  193023.5      0.44       0.7       0.0                          
    0:00:22  193023.5      0.44       0.7       0.0                          
    0:00:22  193023.5      0.44       0.7       0.0                          
    0:00:22  193178.6      0.11       0.1       0.0 out_reg[63]/D            
    0:00:23  193282.3      0.04       0.0       0.0 out_reg[63]/D            
    0:00:23  193319.5      0.00       0.0       0.0                          
    0:00:23  193319.5      0.00       0.0       0.0                          
Loading db file '/home/ahesham/Desktop/MultiplierTree/ref/models/saed90nm_typ_ht.db'

  Optimization Complete
  ---------------------
Warning: Design 'WallaceTreeMultiplier' contains 1 high-fanout nets. A fanout number of 1000 will be used for delay calculations involving these nets. (TIM-134)
     Net 'level1[1].x6/cin[0]': 4032 load(s), 1 driver(s)
1
