 
****************************************
Report : resources
Design : WallaceTreeMultiplier
Version: G-2012.06-SP2
Date   : Sat Dec 24 19:04:04 2016
****************************************

Resource Sharing Report for design WallaceTreeMultiplier in file
        ./source/WallaceMultMain.v

===============================================================================
|          |              |            | Contained     |                      |
| Resource | Module       | Parameters | Resources     | Contained Operations |
===============================================================================
| r115     | DW01_add     | width=64   |               | add_110              |
===============================================================================


Implementation Report
===============================================================================
|                    |                  | Current            | Set            |
| Cell               | Module           | Implementation     | Implementation |
===============================================================================
| add_110            | DW01_add         | rpl                |                |
===============================================================================


No multiplexors to report
1
